#
# There is insufficient memory for the Java Runtime Environment to continue.
# Native memory allocation (mmap) failed to map 65536 bytes for Failed to commit area from 0x000002352a6d0000 to 0x000002352a6e0000 of length 65536.
# Possible reasons:
#   The system is out of physical RAM or swap space
#   The process is running with CompressedOops enabled, and the Java Heap may be blocking the growth of the native heap
# Possible solutions:
#   Reduce memory load on the system
#   Increase physical memory or swap space
#   Check if swap backing store is full
#   Decrease Java heap size (-Xmx/-Xms)
#   Decrease number of Java threads
#   Decrease Java thread stack sizes (-Xss)
#   Set larger code cache with -XX:ReservedCodeCacheSize=
# This output file may be truncated or incomplete.
#
#  Out of Memory Error (t:/workspace/open/src/hotspot/os/windows/os_windows.cpp:3269), pid=28412, tid=22832
#
# JRE version:  (11.0+28) (build )
# Java VM: OpenJDK 64-Bit Server VM (11+28, mixed mode, aot, sharing, tiered, compressed oops, g1 gc, windows-amd64)
# No core dump will be written. Minidumps are not enabled by default on client versions of Windows
#

---------------  S U M M A R Y ------------

Command Line: -XX:TieredStopAtLevel=1 -Xverify:none -Dspring.output.ansi.enabled=always -javaagent:C:\Program Files\JetBrains\IntelliJ IDEA 2020.3.3\lib\idea_rt.jar=58412:C:\Program Files\JetBrains\IntelliJ IDEA 2020.3.3\bin -Dcom.sun.management.jmxremote -Dspring.jmx.enabled=true -Dspring.liveBeansView.mbeanDomain -Dspring.application.admin.enabled=true -Dfile.encoding=UTF-8 com.example.demo.SareetaApplication

Host: Intel(R) Core(TM) i7-4910MQ CPU @ 2.90GHz, 8 cores, 31G,  Windows 10 , 64 bit Build 18362 (10.0.18362.1500)
Time: Mon Jul  5 15:55:09 2021 Mitteleuropäische Sommerzeit elapsed time: 0 seconds (0d 0h 0m 0s)

---------------  T H R E A D  ---------------

Current thread (0x000002350f974800):  JavaThread "Unknown thread" [_thread_in_vm, id=22832, stack(0x0000008619300000,0x0000008619400000)]

Stack: [0x0000008619300000,0x0000008619400000]
Native frames: (J=compiled Java code, j=interpreted, Vv=VM code, C=native code)
V  [jvm.dll+0x63adaa]
V  [jvm.dll+0x77852f]
V  [jvm.dll+0x779b18]
V  [jvm.dll+0x77a1d3]
V  [jvm.dll+0x2624c8]
V  [jvm.dll+0x63825a]
V  [jvm.dll+0x62cb15]
V  [jvm.dll+0x31563c]
V  [jvm.dll+0x3154c2]
V  [jvm.dll+0x31ae4e]
V  [jvm.dll+0x367282]
V  [jvm.dll+0x366c90]
V  [jvm.dll+0x2f2378]
V  [jvm.dll+0x2f34d6]
V  [jvm.dll+0x7517d7]
V  [jvm.dll+0x752f1f]
V  [jvm.dll+0x374099]
V  [jvm.dll+0x738059]
V  [jvm.dll+0x3e35fd]
V  [jvm.dll+0x3e5961]
C  [java.exe+0x3603]
C  [java.exe+0x1746c]
C  [KERNEL32.DLL+0x17c24]
C  [ntdll.dll+0x6d721]


---------------  P R O C E S S  ---------------

Threads class SMR info:
_java_thread_list=0x000002350d8c3740, length=0, elements={
}

Java Threads: ( => current thread )

Other Threads:
  0x000002350f98c800 GCTaskThread "GC Thread#0" [stack: 0x0000008619400000,0x0000008619500000] [id=29636]
  0x000002350fa07000 ConcurrentGCThread "G1 Main Marker" [stack: 0x0000008619500000,0x0000008619600000] [id=1896]
  0x000002350fa08800 ConcurrentGCThread "G1 Conc#0" [stack: 0x0000008619600000,0x0000008619700000] [id=31456]

[error occurred during error reporting (printing all threads), id 0xc0000005, EXCEPTION_ACCESS_VIOLATION (0xc0000005) at pc=0x00007ffa754c0d37]

VM state:not at safepoint (not fully initialized)

VM Mutex/Monitor currently owned by a thread:  ([mutex/lock_event])
[0x000002350f972370] Heap_lock - owner thread: 0x000002350f974800

Heap address: 0x0000000601600000, size: 8170 MB, Compressed Oops mode: Non-zero based: 0x0000000601600000
Narrow klass base: 0x0000000000000000, Narrow klass shift: 0

GC Heap History (0 events):
No events

Deoptimization events (0 events):
No events

Classes redefined (0 events):
No events

Internal exceptions (0 events):
No events

Events (0 events):
No events


Dynamic libraries:
0x00007ff62e200000 - 0x00007ff62e245000 	C:\Program Files\AdoptOpenJDK\jdk-11\bin\java.exe
0x00007ffac9240000 - 0x00007ffac9430000 	C:\WINDOWS\SYSTEM32\ntdll.dll
0x00007ffac8c50000 - 0x00007ffac8d02000 	C:\WINDOWS\System32\KERNEL32.DLL
0x00007ffac6350000 - 0x00007ffac65f5000 	C:\WINDOWS\System32\KERNELBASE.dll
0x00007ffac9060000 - 0x00007ffac91f4000 	C:\WINDOWS\System32\USER32.dll
0x00007ffac6e60000 - 0x00007ffac6e81000 	C:\WINDOWS\System32\win32u.dll
0x00007ffac86a0000 - 0x00007ffac86c6000 	C:\WINDOWS\System32\GDI32.dll
0x00007ffac6ff0000 - 0x00007ffac7188000 	C:\WINDOWS\System32\gdi32full.dll
0x00007ffac61b0000 - 0x00007ffac624e000 	C:\WINDOWS\System32\msvcp_win.dll
0x00007ffac6250000 - 0x00007ffac634a000 	C:\WINDOWS\System32\ucrtbase.dll
0x00007ffac55e0000 - 0x00007ffac5864000 	C:\WINDOWS\WinSxS\amd64_microsoft.windows.common-controls_6595b64144ccf1df_6.0.18362.1621_none_9e7ba815e46075fc\COMCTL32.dll
0x00007ffac8d10000 - 0x00007ffac8dae000 	C:\WINDOWS\System32\msvcrt.dll
0x00007ffac7760000 - 0x00007ffac7a96000 	C:\WINDOWS\System32\combase.dll
0x00007ffac7c40000 - 0x00007ffac7d5f000 	C:\WINDOWS\System32\RPCRT4.dll
0x00007ffac6f60000 - 0x00007ffac6fe4000 	C:\WINDOWS\System32\bcryptPrimitives.dll
0x00007ffac8670000 - 0x00007ffac869e000 	C:\WINDOWS\System32\IMM32.DLL
0x00007ffac10e0000 - 0x00007ffac10f6000 	C:\Program Files\AdoptOpenJDK\jdk-11\bin\vcruntime140.dll
0x00007ffaace30000 - 0x00007ffaaceda000 	C:\Program Files\AdoptOpenJDK\jdk-11\bin\msvcp140.dll
0x00007ffa751c0000 - 0x00007ffa75d01000 	C:\Program Files\AdoptOpenJDK\jdk-11\bin\server\jvm.dll
0x00007ffac76b0000 - 0x00007ffac7753000 	C:\WINDOWS\System32\ADVAPI32.dll
0x00007ffac8b40000 - 0x00007ffac8bd7000 	C:\WINDOWS\System32\sechost.dll
0x00007ffac7ad0000 - 0x00007ffac7ad8000 	C:\WINDOWS\System32\PSAPI.DLL
0x00007ffaab800000 - 0x00007ffaab809000 	C:\WINDOWS\SYSTEM32\WSOCK32.dll
0x00007ffac32d0000 - 0x00007ffac32da000 	C:\WINDOWS\SYSTEM32\VERSION.dll
0x00007ffac34f0000 - 0x00007ffac3514000 	C:\WINDOWS\SYSTEM32\WINMM.dll
0x00007ffac8600000 - 0x00007ffac866f000 	C:\WINDOWS\System32\WS2_32.dll
0x00007ffac34c0000 - 0x00007ffac34ed000 	C:\WINDOWS\SYSTEM32\WINMMBASE.dll
0x00007ffac6600000 - 0x00007ffac664a000 	C:\WINDOWS\System32\cfgmgr32.dll
0x00007ffac6100000 - 0x00007ffac6111000 	C:\WINDOWS\System32\kernel.appcore.dll
0x00007ffabb520000 - 0x00007ffabb531000 	C:\Program Files\AdoptOpenJDK\jdk-11\bin\verify.dll
0x00007ffac5bc0000 - 0x00007ffac5db4000 	C:\WINDOWS\SYSTEM32\DBGHELP.DLL
0x00007ffac5b10000 - 0x00007ffac5b3a000 	C:\WINDOWS\SYSTEM32\dbgcore.DLL
0x00007ffab6cd0000 - 0x00007ffab6cf8000 	C:\Program Files\AdoptOpenJDK\jdk-11\bin\java.dll
0x00007ffab6760000 - 0x00007ffab678f000 	C:\Program Files\AdoptOpenJDK\jdk-11\bin\instrument.dll
0x00007ffab6cb0000 - 0x00007ffab6cc6000 	C:\Program Files\AdoptOpenJDK\jdk-11\bin\zip.dll
0x00007ffac1c90000 - 0x00007ffac1c9a000 	C:\Program Files\AdoptOpenJDK\jdk-11\bin\jimage.dll

dbghelp: loaded successfully - version: 4.0.5 - missing functions: none
symbol engine: initialized successfully - sym options: 0x614 - pdb path: .;C:\Program Files\AdoptOpenJDK\jdk-11\bin;C:\WINDOWS\SYSTEM32;C:\WINDOWS\WinSxS\amd64_microsoft.windows.common-controls_6595b64144ccf1df_6.0.18362.1621_none_9e7ba815e46075fc;C:\Program Files\AdoptOpenJDK\jdk-11\bin\server

VM Arguments:
jvm_args: -XX:TieredStopAtLevel=1 -Xverify:none -Dspring.output.ansi.enabled=always -javaagent:C:\Program Files\JetBrains\IntelliJ IDEA 2020.3.3\lib\idea_rt.jar=58412:C:\Program Files\JetBrains\IntelliJ IDEA 2020.3.3\bin -Dcom.sun.management.jmxremote -Dspring.jmx.enabled=true -Dspring.liveBeansView.mbeanDomain -Dspring.application.admin.enabled=true -Dfile.encoding=UTF-8 
java_command: com.example.demo.SareetaApplication
java_class_path (initial): C:\Users\woidt\Desktop\Java Web-Developer Nanodegree\assignment 4\nd035-c4-Security-and-DevOps-master\starter_code\target\classes;C:\Users\woidt\.m2\repository\org\springframework\boot\spring-boot-starter-data-jpa\2.1.5.RELEASE\spring-boot-starter-data-jpa-2.1.5.RELEASE.jar;C:\Users\woidt\.m2\repository\org\springframework\boot\spring-boot-starter-aop\2.1.5.RELEASE\spring-boot-starter-aop-2.1.5.RELEASE.jar;C:\Users\woidt\.m2\repository\org\aspectj\aspectjweaver\1.9.4\aspectjweaver-1.9.4.jar;C:\Users\woidt\.m2\repository\org\springframework\boot\spring-boot-starter-jdbc\2.1.5.RELEASE\spring-boot-starter-jdbc-2.1.5.RELEASE.jar;C:\Users\woidt\.m2\repository\com\zaxxer\HikariCP\3.2.0\HikariCP-3.2.0.jar;C:\Users\woidt\.m2\repository\org\springframework\spring-jdbc\5.1.7.RELEASE\spring-jdbc-5.1.7.RELEASE.jar;C:\Users\woidt\.m2\repository\javax\transaction\javax.transaction-api\1.3\javax.transaction-api-1.3.jar;C:\Users\woidt\.m2\repository\org\hibernate\hibernate-core\5.3.10.Final\hibernate-core-5.3.10.Final.jar;C:\Users\woidt\.m2\repository\org\jboss\logging\jboss-logging\3.3.2.Final\jboss-logging-3.3.2.Final.jar;C:\Users\woidt\.m2\repository\javax\persistence\javax.persistence-api\2.2\javax.persistence-api-2.2.jar;C:\Users\woidt\.m2\repository\org\javassist\javassist\3.23.2-GA\javassist-3.23.2-GA.jar;C:\Users\woidt\.m2\repository\net\bytebuddy\byte-buddy\1.9.12\byte-buddy-1.9.12.jar;C:\Users\woidt\.m2\repository\antlr\antlr\2.7.7\antlr-2.7.7.jar;C:\Users\woidt\.m2\repository\org\jboss\jandex\2.0.5.Final\jandex-2.0.5.Final.jar;C:\Users\woidt\.m2\repository\com\fasterxml\classmate\1.4.0\classmate-1.4.0.jar;C:\Users\woidt\.m2\repository\javax\activation\javax.activation-api\1.2.0\javax.activation-api-1.2.0.jar;C:\Users\woidt\.m2\repository\org\dom4j\dom4j\2.1.1\dom4j-2.1.1.jar;C:\Users\woidt\.m2\repository\org\hibernate\common\hibernate-commons-annotations\5.0.4.Final\hibernate-commons-annotations-5.0.4.Final.jar;C:\Users\woidt\.m2\repository\o
Launcher Type: SUN_STANDARD

[Global flags]
     bool BytecodeVerificationLocal                = false                                     {product} {command line}
     bool BytecodeVerificationRemote               = false                                     {product} {command line}
     intx CICompilerCount                          = 4                                         {product} {ergonomic}
     uint ConcGCThreads                            = 2                                         {product} {ergonomic}
     uint G1ConcRefinementThreads                  = 8                                         {product} {ergonomic}
   size_t G1HeapRegionSize                         = 2097152                                   {product} {ergonomic}
    uintx GCDrainStackTargetSize                   = 64                                        {product} {ergonomic}
   size_t InitialHeapSize                          = 536870912                                 {product} {ergonomic}
     bool ManagementServer                         = true                                      {product} {command line}
   size_t MarkStackSize                            = 4194304                                   {product} {ergonomic}
   size_t MaxHeapSize                              = 8566865920                                {product} {ergonomic}
   size_t MinHeapDeltaBytes                        = 2097152                                   {product} {ergonomic}
    uintx NonNMethodCodeHeapSize                   = 7549744                                {pd product} {ergonomic}
    uintx NonProfiledCodeHeapSize                  = 244108496                              {pd product} {ergonomic}
    uintx ProfiledCodeHeapSize                     = 0                                      {pd product} {ergonomic}
    uintx ReservedCodeCacheSize                    = 251658240                              {pd product} {ergonomic}
     bool SegmentedCodeCache                       = true                                      {product} {ergonomic}
     intx TieredStopAtLevel                        = 1                                         {product} {command line}
     bool UseCompressedClassPointers               = true                                 {lp64_product} {ergonomic}
     bool UseCompressedOops                        = true                                 {lp64_product} {ergonomic}
     bool UseG1GC                                  = true                                      {product} {ergonomic}
     bool UseLargePagesIndividualAllocation        = false                                  {pd product} {ergonomic}

Logging:
Log output configuration:
 #0: stdout all=warning uptime,level,tags
 #1: stderr all=off uptime,level,tags

Environment Variables:
JAVA_HOME=C:\Program Files\AdoptOpenJDK\jdk-11
CLASSPATH=.;
PATH=C:\Program Files\AdoptOpenJDK\jdk-16.0.0.36-hotspot\bin;C:\Program Files\AdoptOpenJDK\jdk-8.0.222.10-hotspot\bin;C:\Program Files (x86)\Common Files\Oracle\Java\javapath;C:\WINDOWS\system32;C:\WINDOWS;C:\WINDOWS\System32\Wbem;C:\WINDOWS\System32\WindowsPowerShell\v1.0\;C:\Program Files\Git\cmd;C:\Users\woidt\AppData\Local\Programs\Python\Python38-32\Scripts;C:\Users\woidt\AppData\Local\Programs\Python\Python38-32;C:\Users\woidt\AppData\Roaming\npm\node_modules\less\bin;C:\Users\woidt\AppData\Roaming\npm\node_modules;C:\Program Files\nodejs\;C:\ProgramData\chocolatey\bin;C:\Program Files\AdoptOpenJDK\jdk8u192-b12\bin;C:\Program Files\Java\jdk1.8.0_211\bin;C:\Android\android-sdk\tools;C:\Android\android-sdk\platform-tools;C:\Android\android-sdk\tools\bin;C:\WINDOWS\System32\OpenSSH\;C:\Program Files\PostgreSQL\13\bin;;C:\Program Files\Docker\Docker\resources\bin;C:\ProgramData\DockerDesktop\version-bin;C:\Program Files\dotnet\;C:\Users\woidt\AppData\Local\Programs\Python\Python38-32\Scripts;C:\Users\woidt\AppData\Local\atom\bin;C:\Users\woidt\AppData\Roaming\npm;C:\Users\woidt\AppData\Local\Programs\Microsoft VS Code\bin;C:\Users\woidt\AppData\Local\Microsoft\WindowsApps;C:\Users\woidt\AppData\Local\gitkraken\bin;C:\Users\woidt\.dotnet\tools
USERNAME=woidt
OS=Windows_NT
PROCESSOR_IDENTIFIER=Intel64 Family 6 Model 60 Stepping 3, GenuineIntel



---------------  S Y S T E M  ---------------

OS: Windows 10 , 64 bit Build 18362 (10.0.18362.1500)

CPU:total 8 (initial active 8) (4 cores per cpu, 2 threads per core) family 6 model 60 stepping 3, cmov, cx8, fxsr, mmx, sse, sse2, sse3, ssse3, sse4.1, sse4.2, popcnt, avx, avx2, aes, clmul, erms, lzcnt, ht, tsc, tscinvbit, bmi1, bmi2, fma

Memory: 4k page, system-wide physical 32673M (11411M free)
TotalPageFile size 45399M (AvailPageFile size 4M)
current process WorkingSet (physical memory assigned to process): 10M, peak: 10M
current process commit charge ("private bytes"): 578M, peak: 578M

vm_info: OpenJDK 64-Bit Server VM (11+28) for windows-amd64 JRE (11+28), built on Aug 23 2018 03:04:58 by "mach5one" with MS VC++ 15.5 (VS2017)

END.
